<?xml version="1.0" encoding="UTF-8"?>
<testsuite name="com.example.gatewayservice.GatewayServiceApplicationTests" tests="1" skipped="0" failures="0" errors="0" timestamp="2021-06-01T22:46:16" hostname="DESKTOP-KSIR4MF" time="0.163">
  <properties/>
  <testcase name="contextLoads()" classname="com.example.gatewayservice.GatewayServiceApplicationTests" time="0.163"/>
  <system-out><![CDATA[17:46:13.746 [Test worker] DEBUG org.springframework.test.context.BootstrapUtils - Instantiating CacheAwareContextLoaderDelegate from class [org.springframework.test.context.cache.DefaultCacheAwareContextLoaderDelegate]
17:46:13.758 [Test worker] DEBUG org.springframework.test.context.BootstrapUtils - Instantiating BootstrapContext using constructor [public org.springframework.test.context.support.DefaultBootstrapContext(java.lang.Class,org.springframework.test.context.CacheAwareContextLoaderDelegate)]
17:46:13.790 [Test worker] DEBUG org.springframework.test.context.BootstrapUtils - Instantiating TestContextBootstrapper for test class [com.example.gatewayservice.GatewayServiceApplicationTests] from class [org.springframework.boot.test.context.SpringBootTestContextBootstrapper]
17:46:13.802 [Test worker] INFO org.springframework.boot.test.context.SpringBootTestContextBootstrapper - Neither @ContextConfiguration nor @ContextHierarchy found for test class [com.example.gatewayservice.GatewayServiceApplicationTests], using SpringBootContextLoader
17:46:13.805 [Test worker] DEBUG org.springframework.test.context.support.AbstractContextLoader - Did not detect default resource location for test class [com.example.gatewayservice.GatewayServiceApplicationTests]: class path resource [com/example/gatewayservice/GatewayServiceApplicationTests-context.xml] does not exist
17:46:13.806 [Test worker] DEBUG org.springframework.test.context.support.AbstractContextLoader - Did not detect default resource location for test class [com.example.gatewayservice.GatewayServiceApplicationTests]: class path resource [com/example/gatewayservice/GatewayServiceApplicationTestsContext.groovy] does not exist
17:46:13.806 [Test worker] INFO org.springframework.test.context.support.AbstractContextLoader - Could not detect default resource locations for test class [com.example.gatewayservice.GatewayServiceApplicationTests]: no resource found for suffixes {-context.xml, Context.groovy}.
17:46:13.807 [Test worker] INFO org.springframework.test.context.support.AnnotationConfigContextLoaderUtils - Could not detect default configuration classes for test class [com.example.gatewayservice.GatewayServiceApplicationTests]: GatewayServiceApplicationTests does not declare any static, non-private, non-final, nested classes annotated with @Configuration.
17:46:13.849 [Test worker] DEBUG org.springframework.test.context.support.ActiveProfilesUtils - Could not find an 'annotation declaring class' for annotation type [org.springframework.test.context.ActiveProfiles] and class [com.example.gatewayservice.GatewayServiceApplicationTests]
17:46:13.906 [Test worker] DEBUG org.springframework.context.annotation.ClassPathScanningCandidateComponentProvider - Identified candidate component class: file [D:\Documents\Projects\Revature\CHOGAN\backend\GatewayService\build\classes\java\main\com\example\gatewayservice\GatewayServiceApplication.class]
17:46:13.908 [Test worker] INFO org.springframework.boot.test.context.SpringBootTestContextBootstrapper - Found @SpringBootConfiguration com.example.gatewayservice.GatewayServiceApplication for test class com.example.gatewayservice.GatewayServiceApplicationTests
17:46:14.010 [Test worker] DEBUG org.springframework.boot.test.context.SpringBootTestContextBootstrapper - @TestExecutionListeners is not present for class [com.example.gatewayservice.GatewayServiceApplicationTests]: using defaults.
17:46:14.011 [Test worker] INFO org.springframework.boot.test.context.SpringBootTestContextBootstrapper - Loaded default TestExecutionListener class names from location [META-INF/spring.factories]: [org.springframework.boot.test.autoconfigure.restdocs.RestDocsTestExecutionListener, org.springframework.boot.test.autoconfigure.web.client.MockRestServiceServerResetTestExecutionListener, org.springframework.boot.test.autoconfigure.web.servlet.MockMvcPrintOnlyOnFailureTestExecutionListener, org.springframework.boot.test.autoconfigure.web.servlet.WebDriverTestExecutionListener, org.springframework.boot.test.autoconfigure.webservices.client.MockWebServiceServerTestExecutionListener, org.springframework.boot.test.mock.mockito.MockitoTestExecutionListener, org.springframework.boot.test.mock.mockito.ResetMocksTestExecutionListener, org.springframework.test.context.web.ServletTestExecutionListener, org.springframework.test.context.support.DirtiesContextBeforeModesTestExecutionListener, org.springframework.test.context.event.ApplicationEventsTestExecutionListener, org.springframework.test.context.support.DependencyInjectionTestExecutionListener, org.springframework.test.context.support.DirtiesContextTestExecutionListener, org.springframework.test.context.transaction.TransactionalTestExecutionListener, org.springframework.test.context.jdbc.SqlScriptsTestExecutionListener, org.springframework.test.context.event.EventPublishingTestExecutionListener]
17:46:14.030 [Test worker] INFO org.springframework.boot.test.context.SpringBootTestContextBootstrapper - Using TestExecutionListeners: [org.springframework.test.context.web.ServletTestExecutionListener@65370d86, org.springframework.test.context.support.DirtiesContextBeforeModesTestExecutionListener@23b4857a, org.springframework.test.context.event.ApplicationEventsTestExecutionListener@4ffde0f7, org.springframework.boot.test.mock.mockito.MockitoTestExecutionListener@493925e1, org.springframework.boot.test.autoconfigure.SpringBootDependencyInjectionTestExecutionListener@14bf4a7d, org.springframework.test.context.support.DirtiesContextTestExecutionListener@132792c5, org.springframework.test.context.transaction.TransactionalTestExecutionListener@33fd220e, org.springframework.test.context.jdbc.SqlScriptsTestExecutionListener@336b0fbd, org.springframework.test.context.event.EventPublishingTestExecutionListener@5de9470f, org.springframework.boot.test.autoconfigure.restdocs.RestDocsTestExecutionListener@72f747cd, org.springframework.boot.test.autoconfigure.web.client.MockRestServiceServerResetTestExecutionListener@2840e6cf, org.springframework.boot.test.autoconfigure.web.servlet.MockMvcPrintOnlyOnFailureTestExecutionListener@433d029d, org.springframework.boot.test.autoconfigure.web.servlet.WebDriverTestExecutionListener@54fbf4ca, org.springframework.boot.test.autoconfigure.webservices.client.MockWebServiceServerTestExecutionListener@1c7a08b7, org.springframework.boot.test.mock.mockito.ResetMocksTestExecutionListener@33a3f369]
17:46:14.034 [Test worker] DEBUG org.springframework.test.context.support.AbstractDirtiesContextTestExecutionListener - Before test class: context [DefaultTestContext@17c63f2d testClass = GatewayServiceApplicationTests, testInstance = [null], testMethod = [null], testException = [null], mergedContextConfiguration = [WebMergedContextConfiguration@1869901 testClass = GatewayServiceApplicationTests, locations = '{}', classes = '{class com.example.gatewayservice.GatewayServiceApplication}', contextInitializerClasses = '[]', activeProfiles = '{}', propertySourceLocations = '{}', propertySourceProperties = '{org.springframework.boot.test.context.SpringBootTestContextBootstrapper=true}', contextCustomizers = set[org.springframework.boot.test.autoconfigure.actuate.metrics.MetricsExportContextCustomizerFactory$DisableMetricExportContextCustomizer@245d3d3b, org.springframework.boot.test.autoconfigure.properties.PropertyMappingContextCustomizer@0, org.springframework.boot.test.autoconfigure.web.servlet.WebDriverContextCustomizerFactory$Customizer@711ca3f8, org.springframework.boot.test.context.filter.ExcludeFilterContextCustomizer@226215a5, org.springframework.boot.test.json.DuplicateJsonObjectContextCustomizerFactory$DuplicateJsonObjectContextCustomizer@583f3cd7, org.springframework.boot.test.mock.mockito.MockitoContextCustomizer@0, org.springframework.boot.test.web.client.TestRestTemplateContextCustomizer@1503ff89, org.springframework.boot.test.context.SpringBootTestArgs@1, org.springframework.boot.test.context.SpringBootTestWebEnvironment@65e52ef1], resourceBasePath = 'src/main/webapp', contextLoader = 'org.springframework.boot.test.context.SpringBootContextLoader', parent = [null]], attributes = map['org.springframework.test.context.web.ServletTestExecutionListener.activateListener' -> true]], class annotated with @DirtiesContext [false] with mode [null].
17:46:14.063 [Test worker] DEBUG org.springframework.test.context.support.TestPropertySourceUtils - Adding inlined properties to environment: {spring.jmx.enabled=false, org.springframework.boot.test.context.SpringBootTestContextBootstrapper=true}

  .   ____          _            __ _ _
 /\\ / ___'_ __ _ _(_)_ __  __ _ \ \ \ \
( ( )\___ | '_ | '_| | '_ \/ _` | \ \ \ \
 \\/  ___)| |_)| | | | | || (_| |  ) ) ) )
  '  |____| .__|_| |_|_| |_\__, | / / / /
 =========|_|==============|___/=/_/_/_/
 :: Spring Boot ::                (v2.5.0)

2021-06-01 17:46:14.374  INFO 11468 --- [    Test worker] c.e.g.GatewayServiceApplicationTests     : Starting GatewayServiceApplicationTests using Java 1.8.0_282 on DESKTOP-KSIR4MF with PID 11468 (started by Keith in D:\Documents\Projects\Revature\CHOGAN\backend\GatewayService)
2021-06-01 17:46:14.378  INFO 11468 --- [    Test worker] c.e.g.GatewayServiceApplicationTests     : No active profile set, falling back to default profiles: default
2021-06-01 17:46:14.915  INFO 11468 --- [    Test worker] .s.d.r.c.RepositoryConfigurationDelegate : Bootstrapping Spring Data MongoDB repositories in DEFAULT mode.
2021-06-01 17:46:14.923  INFO 11468 --- [    Test worker] .s.d.r.c.RepositoryConfigurationDelegate : Finished Spring Data repository scanning in 4 ms. Found 0 MongoDB repository interfaces.
2021-06-01 17:46:16.049  INFO 11468 --- [    Test worker] org.mongodb.driver.cluster               : Cluster created with settings {hosts=[localhost:27017], mode=SINGLE, requiredClusterType=UNKNOWN, serverSelectionTimeout='30000 ms'}
2021-06-01 17:46:16.109  INFO 11468 --- [localhost:27017] org.mongodb.driver.connection            : Opened connection [connectionId{localValue:1, serverValue:24}] to localhost:27017
2021-06-01 17:46:16.109  INFO 11468 --- [localhost:27017] org.mongodb.driver.connection            : Opened connection [connectionId{localValue:2, serverValue:23}] to localhost:27017
2021-06-01 17:46:16.109  INFO 11468 --- [localhost:27017] org.mongodb.driver.cluster               : Monitor thread successfully connected to server with description ServerDescription{address=localhost:27017, type=STANDALONE, state=CONNECTED, ok=true, minWireVersion=0, maxWireVersion=9, maxDocumentSize=16777216, logicalSessionTimeoutMinutes=30, roundTripTimeNanos=17046700}
2021-06-01 17:46:16.316  INFO 11468 --- [    Test worker] c.e.g.GatewayServiceApplicationTests     : Started GatewayServiceApplicationTests in 2.246 seconds (JVM running for 3.383)
2021-06-01 17:46:16.317  INFO 11468 --- [    Test worker] o.s.b.a.ApplicationAvailabilityBean      : Application availability state LivenessState changed to CORRECT
2021-06-01 17:46:16.319  INFO 11468 --- [    Test worker] o.s.b.a.ApplicationAvailabilityBean      : Application availability state ReadinessState changed to ACCEPTING_TRAFFIC
]]></system-out>
  <system-err><![CDATA[]]></system-err>
</testsuite>
