<?xml version="1.0" encoding="UTF-8"?>
<testsuite name="com.example.gatewayservice.GatewayServiceApplicationTests" tests="1" skipped="0" failures="0" errors="0" timestamp="2021-06-01T20:07:14" hostname="iMac-de-Tomas-4.local" time="0.203">
  <properties/>
  <testcase name="contextLoads()" classname="com.example.gatewayservice.GatewayServiceApplicationTests" time="0.203"/>
  <system-out><![CDATA[13:06:51.330 [Test worker] DEBUG org.springframework.test.context.BootstrapUtils - Instantiating CacheAwareContextLoaderDelegate from class [org.springframework.test.context.cache.DefaultCacheAwareContextLoaderDelegate]
13:06:51.344 [Test worker] DEBUG org.springframework.test.context.BootstrapUtils - Instantiating BootstrapContext using constructor [public org.springframework.test.context.support.DefaultBootstrapContext(java.lang.Class,org.springframework.test.context.CacheAwareContextLoaderDelegate)]
13:06:51.378 [Test worker] DEBUG org.springframework.test.context.BootstrapUtils - Instantiating TestContextBootstrapper for test class [com.example.gatewayservice.GatewayServiceApplicationTests] from class [org.springframework.boot.test.context.SpringBootTestContextBootstrapper]
13:06:51.388 [Test worker] INFO org.springframework.boot.test.context.SpringBootTestContextBootstrapper - Neither @ContextConfiguration nor @ContextHierarchy found for test class [com.example.gatewayservice.GatewayServiceApplicationTests], using SpringBootContextLoader
13:06:51.392 [Test worker] DEBUG org.springframework.test.context.support.AbstractContextLoader - Did not detect default resource location for test class [com.example.gatewayservice.GatewayServiceApplicationTests]: class path resource [com/example/gatewayservice/GatewayServiceApplicationTests-context.xml] does not exist
13:06:51.392 [Test worker] DEBUG org.springframework.test.context.support.AbstractContextLoader - Did not detect default resource location for test class [com.example.gatewayservice.GatewayServiceApplicationTests]: class path resource [com/example/gatewayservice/GatewayServiceApplicationTestsContext.groovy] does not exist
13:06:51.393 [Test worker] INFO org.springframework.test.context.support.AbstractContextLoader - Could not detect default resource locations for test class [com.example.gatewayservice.GatewayServiceApplicationTests]: no resource found for suffixes {-context.xml, Context.groovy}.
13:06:51.393 [Test worker] INFO org.springframework.test.context.support.AnnotationConfigContextLoaderUtils - Could not detect default configuration classes for test class [com.example.gatewayservice.GatewayServiceApplicationTests]: GatewayServiceApplicationTests does not declare any static, non-private, non-final, nested classes annotated with @Configuration.
13:06:51.431 [Test worker] DEBUG org.springframework.test.context.support.ActiveProfilesUtils - Could not find an 'annotation declaring class' for annotation type [org.springframework.test.context.ActiveProfiles] and class [com.example.gatewayservice.GatewayServiceApplicationTests]
13:06:51.499 [Test worker] DEBUG org.springframework.context.annotation.ClassPathScanningCandidateComponentProvider - Identified candidate component class: file [/Users/tj/Documents/Revature/P3/CHOGAN/backend/GatewayService/build/classes/java/main/com/example/gatewayservice/GatewayServiceApplication.class]
13:06:51.500 [Test worker] INFO org.springframework.boot.test.context.SpringBootTestContextBootstrapper - Found @SpringBootConfiguration com.example.gatewayservice.GatewayServiceApplication for test class com.example.gatewayservice.GatewayServiceApplicationTests
13:06:51.686 [Test worker] DEBUG org.springframework.boot.test.context.SpringBootTestContextBootstrapper - @TestExecutionListeners is not present for class [com.example.gatewayservice.GatewayServiceApplicationTests]: using defaults.
13:06:51.687 [Test worker] INFO org.springframework.boot.test.context.SpringBootTestContextBootstrapper - Loaded default TestExecutionListener class names from location [META-INF/spring.factories]: [org.springframework.boot.test.autoconfigure.restdocs.RestDocsTestExecutionListener, org.springframework.boot.test.autoconfigure.web.client.MockRestServiceServerResetTestExecutionListener, org.springframework.boot.test.autoconfigure.web.servlet.MockMvcPrintOnlyOnFailureTestExecutionListener, org.springframework.boot.test.autoconfigure.web.servlet.WebDriverTestExecutionListener, org.springframework.boot.test.autoconfigure.webservices.client.MockWebServiceServerTestExecutionListener, org.springframework.boot.test.mock.mockito.MockitoTestExecutionListener, org.springframework.boot.test.mock.mockito.ResetMocksTestExecutionListener, org.springframework.test.context.web.ServletTestExecutionListener, org.springframework.test.context.support.DirtiesContextBeforeModesTestExecutionListener, org.springframework.test.context.event.ApplicationEventsTestExecutionListener, org.springframework.test.context.support.DependencyInjectionTestExecutionListener, org.springframework.test.context.support.DirtiesContextTestExecutionListener, org.springframework.test.context.transaction.TransactionalTestExecutionListener, org.springframework.test.context.jdbc.SqlScriptsTestExecutionListener, org.springframework.test.context.event.EventPublishingTestExecutionListener]
13:06:51.705 [Test worker] INFO org.springframework.boot.test.context.SpringBootTestContextBootstrapper - Using TestExecutionListeners: [org.springframework.test.context.web.ServletTestExecutionListener@60a6a0f1, org.springframework.test.context.support.DirtiesContextBeforeModesTestExecutionListener@23084575, org.springframework.test.context.event.ApplicationEventsTestExecutionListener@46642718, org.springframework.boot.test.mock.mockito.MockitoTestExecutionListener@361b46c0, org.springframework.boot.test.autoconfigure.SpringBootDependencyInjectionTestExecutionListener@63efc9da, org.springframework.test.context.support.DirtiesContextTestExecutionListener@22d0b3f, org.springframework.test.context.transaction.TransactionalTestExecutionListener@6516a085, org.springframework.test.context.jdbc.SqlScriptsTestExecutionListener@9d7d7a1, org.springframework.test.context.event.EventPublishingTestExecutionListener@146b6e58, org.springframework.boot.test.autoconfigure.restdocs.RestDocsTestExecutionListener@7ef5eb19, org.springframework.boot.test.autoconfigure.web.client.MockRestServiceServerResetTestExecutionListener@2eb76eca, org.springframework.boot.test.autoconfigure.web.servlet.MockMvcPrintOnlyOnFailureTestExecutionListener@196ace62, org.springframework.boot.test.autoconfigure.web.servlet.WebDriverTestExecutionListener@563c7ab9, org.springframework.boot.test.autoconfigure.webservices.client.MockWebServiceServerTestExecutionListener@7c0fe44, org.springframework.boot.test.mock.mockito.ResetMocksTestExecutionListener@12140148]
13:06:51.710 [Test worker] DEBUG org.springframework.test.context.support.AbstractDirtiesContextTestExecutionListener - Before test class: context [DefaultTestContext@5315073e testClass = GatewayServiceApplicationTests, testInstance = [null], testMethod = [null], testException = [null], mergedContextConfiguration = [WebMergedContextConfiguration@245abb48 testClass = GatewayServiceApplicationTests, locations = '{}', classes = '{class com.example.gatewayservice.GatewayServiceApplication}', contextInitializerClasses = '[]', activeProfiles = '{}', propertySourceLocations = '{}', propertySourceProperties = '{org.springframework.boot.test.context.SpringBootTestContextBootstrapper=true}', contextCustomizers = set[org.springframework.boot.test.autoconfigure.actuate.metrics.MetricsExportContextCustomizerFactory$DisableMetricExportContextCustomizer@4f7b2f07, org.springframework.boot.test.autoconfigure.properties.PropertyMappingContextCustomizer@0, org.springframework.boot.test.autoconfigure.web.servlet.WebDriverContextCustomizerFactory$Customizer@4c0efb52, org.springframework.boot.test.context.filter.ExcludeFilterContextCustomizer@37d96cc1, org.springframework.boot.test.json.DuplicateJsonObjectContextCustomizerFactory$DuplicateJsonObjectContextCustomizer@3138e26, org.springframework.boot.test.mock.mockito.MockitoContextCustomizer@0, org.springframework.boot.test.web.client.TestRestTemplateContextCustomizer@7855cf8f, org.springframework.boot.test.context.SpringBootTestArgs@1, org.springframework.boot.test.context.SpringBootTestWebEnvironment@6c00e2d3], resourceBasePath = 'src/main/webapp', contextLoader = 'org.springframework.boot.test.context.SpringBootContextLoader', parent = [null]], attributes = map['org.springframework.test.context.web.ServletTestExecutionListener.activateListener' -> true]], class annotated with @DirtiesContext [false] with mode [null].
13:06:51.740 [Test worker] DEBUG org.springframework.test.context.support.TestPropertySourceUtils - Adding inlined properties to environment: {spring.jmx.enabled=false, org.springframework.boot.test.context.SpringBootTestContextBootstrapper=true}

  .   ____          _            __ _ _
 /\\ / ___'_ __ _ _(_)_ __  __ _ \ \ \ \
( ( )\___ | '_ | '_| | '_ \/ _` | \ \ \ \
 \\/  ___)| |_)| | | | | || (_| |  ) ) ) )
  '  |____| .__|_| |_|_| |_\__, | / / / /
 =========|_|==============|___/=/_/_/_/
 :: Spring Boot ::                (v2.5.0)

2021-06-01 13:07:07.142  WARN 85397 --- [    Test worker] o.s.boot.StartupInfoLogger               : InetAddress.getLocalHost().getHostName() took 5003 milliseconds to respond. Please verify your network configuration (macOS machines may need to add entries to /etc/hosts).
2021-06-01 13:07:12.150  INFO 85397 --- [    Test worker] c.e.g.GatewayServiceApplicationTests     : Starting GatewayServiceApplicationTests using Java 1.8.0_131 on iMac-de-Tomas-4.local with PID 85397 (started by tj in /Users/tj/Documents/Revature/P3/CHOGAN/backend/GatewayService)
2021-06-01 13:07:12.151  INFO 85397 --- [    Test worker] c.e.g.GatewayServiceApplicationTests     : No active profile set, falling back to default profiles: default
2021-06-01 13:07:12.701  INFO 85397 --- [    Test worker] .s.d.r.c.RepositoryConfigurationDelegate : Bootstrapping Spring Data MongoDB repositories in DEFAULT mode.
2021-06-01 13:07:12.714  INFO 85397 --- [    Test worker] .s.d.r.c.RepositoryConfigurationDelegate : Finished Spring Data repository scanning in 7 ms. Found 0 MongoDB repository interfaces.
2021-06-01 13:07:14.142  INFO 85397 --- [    Test worker] org.mongodb.driver.cluster               : Cluster created with settings {hosts=[localhost:27017], mode=SINGLE, requiredClusterType=UNKNOWN, serverSelectionTimeout='30000 ms'}
2021-06-01 13:07:14.562  INFO 85397 --- [    Test worker] c.e.g.GatewayServiceApplicationTests     : Started GatewayServiceApplicationTests in 22.815 seconds (JVM running for 24.602)
2021-06-01 13:07:14.564  INFO 85397 --- [    Test worker] o.s.b.a.ApplicationAvailabilityBean      : Application availability state LivenessState changed to CORRECT
2021-06-01 13:07:14.565  INFO 85397 --- [    Test worker] o.s.b.a.ApplicationAvailabilityBean      : Application availability state ReadinessState changed to ACCEPTING_TRAFFIC
2021-06-01 13:07:14.688  INFO 85397 --- [localhost:27017] org.mongodb.driver.connection            : Opened connection [connectionId{localValue:1, serverValue:34}] to localhost:27017
2021-06-01 13:07:14.688  INFO 85397 --- [localhost:27017] org.mongodb.driver.connection            : Opened connection [connectionId{localValue:2, serverValue:35}] to localhost:27017
2021-06-01 13:07:14.688  INFO 85397 --- [localhost:27017] org.mongodb.driver.cluster               : Monitor thread successfully connected to server with description ServerDescription{address=localhost:27017, type=STANDALONE, state=CONNECTED, ok=true, minWireVersion=0, maxWireVersion=9, maxDocumentSize=16777216, logicalSessionTimeoutMinutes=30, roundTripTimeNanos=339415940}
]]></system-out>
  <system-err><![CDATA[]]></system-err>
</testsuite>
